#
# There is insufficient memory for the Java Runtime Environment to continue.
# Native memory allocation (malloc) failed to allocate 755136 bytes for Chunk::new
# Possible reasons:
#   The system is out of physical RAM or swap space
#   In 32 bit mode, the process size limit was hit
# Possible solutions:
#   Reduce memory load on the system
#   Increase physical memory or swap space
#   Check if swap backing store is full
#   Use 64 bit Java on a 64 bit OS
#   Decrease Java heap size (-Xmx/-Xms)
#   Decrease number of Java threads
#   Decrease Java thread stack sizes (-Xss)
#   Set larger code cache with -XX:ReservedCodeCacheSize=
# This output file may be truncated or incomplete.
#
#  Out of Memory Error (allocation.cpp:390), pid=1244, tid=0x0000000000000c80
#
# JRE version: OpenJDK Runtime Environment (8.0_152-b02) (build 1.8.0_152-release-1024-b02)
# Java VM: OpenJDK 64-Bit Server VM (25.152-b02 mixed mode windows-amd64 compressed oops)
# Failed to write core dump. Minidumps are not enabled by default on client versions of Windows
#

---------------  T H R E A D  ---------------

Current thread (0x00000000180ea000):  JavaThread "C2 CompilerThread0" daemon [_thread_in_native, id=3200, stack(0x00000000188b0000,0x00000000189b0000)]

Stack: [0x00000000188b0000,0x00000000189b0000]
[error occurred during error reporting (printing stack bounds), id 0xc0000005]

Native frames: (J=compiled Java code, j=interpreted, Vv=VM code, C=native code)


Current CompileTask:
C2:2260331 17494       4       com.android.utils.XmlUtils::append (540 bytes)


---------------  P R O C E S S  ---------------

Java Threads: ( => current thread )
  0x000000001d1a9000 JavaThread "stdout" daemon [_thread_new, id=18124, stack(0x0000000000000000,0x0000000000000000)]
  0x000000001d1a8800 JavaThread "stderr" daemon [_thread_new, id=14600, stack(0x0000000000000000,0x0000000000000000)]
  0x000000001d1a7000 JavaThread "stdout" daemon [_thread_in_native, id=10868, stack(0x000000002db00000,0x000000002dc00000)]
  0x000000001d1a6000 JavaThread "stderr" daemon [_thread_in_native, id=8840, stack(0x000000002da00000,0x000000002db00000)]
  0x000000001d997000 JavaThread "stdout" daemon [_thread_in_native, id=13112, stack(0x000000002d700000,0x000000002d800000)]
  0x000000001d995800 JavaThread "stderr" daemon [_thread_in_native, id=17244, stack(0x000000002d600000,0x000000002d700000)]
  0x000000001d995000 JavaThread "stdout" daemon [_thread_in_native, id=13436, stack(0x000000002d500000,0x000000002d600000)]
  0x000000001d98d800 JavaThread "stderr" daemon [_thread_in_native, id=16624, stack(0x000000002d400000,0x000000002d500000)]
  0x000000001d98a800 JavaThread "stdout" daemon [_thread_in_native, id=18976, stack(0x000000002d300000,0x000000002d400000)]
  0x000000001d989800 JavaThread "stderr" daemon [_thread_in_native, id=13404, stack(0x000000002d200000,0x000000002d300000)]
  0x000000001d990800 JavaThread "stdout" daemon [_thread_in_native, id=6788, stack(0x000000002d100000,0x000000002d200000)]
  0x000000001d988000 JavaThread "stderr" daemon [_thread_in_native, id=2492, stack(0x000000002d000000,0x000000002d100000)]
  0x000000001d98b000 JavaThread "stdout" daemon [_thread_in_native, id=3076, stack(0x000000002cf00000,0x000000002d000000)]
  0x000000001d98e000 JavaThread "stderr" daemon [_thread_in_native, id=3548, stack(0x000000002ce00000,0x000000002cf00000)]
  0x000000001c126800 JavaThread "pool-8-thread-1" [_thread_blocked, id=14568, stack(0x000000002cd00000,0x000000002ce00000)]
  0x000000001c125000 JavaThread "ForkJoinPool.commonPool-worker-1" daemon [_thread_blocked, id=3840, stack(0x000000002cc00000,0x000000002cd00000)]
  0x000000001c124000 JavaThread "ForkJoinPool.commonPool-worker-0" daemon [_thread_blocked, id=17632, stack(0x000000002cb00000,0x000000002cc00000)]
  0x000000001c123800 JavaThread "ForkJoinPool.commonPool-worker-7" daemon [_thread_blocked, id=2332, stack(0x000000002ca00000,0x000000002cb00000)]
  0x000000001c125800 JavaThread "ForkJoinPool.commonPool-worker-6" daemon [_thread_blocked, id=19460, stack(0x000000002c900000,0x000000002ca00000)]
  0x000000001c11e000 JavaThread "Cache worker for Build Output Cleanup Cache (C:\Projects\eidoTab\Projects\eidotabWaiter\.gradle\buildOutputCleanup)" [_thread_blocked, id=13332, stack(0x000000002c800000,0x000000002c900000)]
  0x000000001c122000 JavaThread "Cache worker for task history cache (C:\Projects\eidoTab\Projects\eidotabWaiter\.gradle\4.9-rc-1\taskHistory)" [_thread_blocked, id=20420, stack(0x000000002c700000,0x000000002c800000)]
  0x000000001c122800 JavaThread "Task worker for ':' Thread 7" [_thread_blocked, id=3500, stack(0x000000002c600000,0x000000002c700000)]
  0x000000001c11d800 JavaThread "Task worker for ':' Thread 6" [_thread_blocked, id=18288, stack(0x000000002c500000,0x000000002c600000)]
  0x000000001c11a800 JavaThread "Task worker for ':' Thread 5" [_thread_blocked, id=1108, stack(0x000000002c400000,0x000000002c500000)]
  0x000000001c121000 JavaThread "Task worker for ':' Thread 4" [_thread_blocked, id=3760, stack(0x000000002c300000,0x000000002c400000)]
  0x000000001c120800 JavaThread "Task worker for ':' Thread 3" [_thread_blocked, id=17704, stack(0x000000002c200000,0x000000002c300000)]
  0x000000001c11b000 JavaThread "Task worker for ':' Thread 2" [_thread_blocked, id=20200, stack(0x000000002c100000,0x000000002c200000)]
  0x000000001c11f800 JavaThread "Task worker for ':'" [_thread_blocked, id=13932, stack(0x000000002c000000,0x000000002c100000)]
  0x0000000024ab5000 JavaThread "Build operations Thread 8" [_thread_blocked, id=2460, stack(0x000000002bf00000,0x000000002c000000)]
  0x0000000024ab6800 JavaThread "Build operations Thread 7" [_thread_blocked, id=18328, stack(0x000000002be00000,0x000000002bf00000)]
  0x0000000024ab5800 JavaThread "Build operations Thread 6" [_thread_blocked, id=1228, stack(0x000000002bd00000,0x000000002be00000)]
  0x0000000024ab3000 JavaThread "Build operations Thread 5" [_thread_blocked, id=3052, stack(0x000000002bc00000,0x000000002bd00000)]
  0x0000000024ab2800 JavaThread "Build operations Thread 4" [_thread_blocked, id=1664, stack(0x000000002bb00000,0x000000002bc00000)]
  0x0000000024ab1800 JavaThread "Build operations Thread 3" [_thread_blocked, id=528, stack(0x000000002ba00000,0x000000002bb00000)]
  0x0000000024ab4000 JavaThread "Build operations Thread 2" [_thread_blocked, id=19472, stack(0x000000002b900000,0x000000002ba00000)]
  0x0000000024aaa000 JavaThread "Build operations" [_thread_blocked, id=18372, stack(0x000000002b800000,0x000000002b900000)]
  0x0000000024ab1000 JavaThread "Cache worker for Artifact transforms cache (C:\Users\msedek\.gradle\caches\transforms-1)" [_thread_blocked, id=19032, stack(0x000000002b700000,0x000000002b800000)]
  0x0000000024aa9800 JavaThread "Cache worker for cache directory md-rule (C:\Users\msedek\.gradle\caches\4.9-rc-1\md-rule)" [_thread_blocked, id=16540, stack(0x000000002b600000,0x000000002b700000)]
  0x0000000024ab0000 JavaThread "Cache worker for cache directory md-supplier (C:\Users\msedek\.gradle\caches\4.9-rc-1\md-supplier)" [_thread_blocked, id=1288, stack(0x000000002b500000,0x000000002b600000)]
  0x0000000024aaf800 JavaThread "Cache worker for file hash cache (C:\Projects\eidoTab\Projects\eidotabWaiter\.gradle\4.9-rc-1\fileHashes)" [_thread_blocked, id=17696, stack(0x000000002b400000,0x000000002b500000)]
  0x0000000024aa8000 JavaThread "Stdin handler" [_thread_blocked, id=2156, stack(0x000000002b300000,0x000000002b400000)]
  0x0000000024aae800 JavaThread "Asynchronous log dispatcher for DefaultDaemonConnection: socket connection from /127.0.0.1:57608 to /127.0.0.1:60235" [_thread_blocked, id=17764, stack(0x000000002b200000,0x000000002b300000)]
  0x0000000024aa7000 JavaThread "Cancel handler" [_thread_blocked, id=13348, stack(0x000000002b100000,0x000000002b200000)]
  0x0000000024aa8800 JavaThread "Handler for socket connection from /127.0.0.1:57608 to /127.0.0.1:60235" [_thread_in_native, id=14476, stack(0x000000002b000000,0x000000002b100000)]
  0x000000002166f800 JavaThread "ForkJoinPool-14-worker-0" daemon [_thread_blocked, id=17864, stack(0x000000002a920000,0x000000002aa20000)]
  0x0000000021674000 JavaThread "ForkJoinPool-14-worker-7" daemon [_thread_blocked, id=11192, stack(0x000000002a820000,0x000000002a920000)]
  0x0000000021674800 JavaThread "ForkJoinPool-14-worker-6" daemon [_thread_blocked, id=6196, stack(0x000000002a720000,0x000000002a820000)]
  0x0000000021675800 JavaThread "ForkJoinPool-14-worker-4" daemon [_thread_blocked, id=4848, stack(0x000000002a520000,0x000000002a620000)]
  0x0000000021673000 JavaThread "ForkJoinPool-14-worker-3" daemon [_thread_blocked, id=8352, stack(0x000000002a420000,0x000000002a520000)]
  0x0000000021672800 JavaThread "ForkJoinPool-14-worker-1" daemon [_thread_blocked, id=19088, stack(0x000000002a220000,0x000000002a320000)]
  0x000000002166e000 JavaThread "ForkJoinPool-13-worker-0" daemon [_thread_blocked, id=5236, stack(0x000000002a120000,0x000000002a220000)]
  0x000000002166d000 JavaThread "ForkJoinPool-13-worker-7" daemon [_thread_blocked, id=11488, stack(0x000000002a020000,0x000000002a120000)]
  0x000000002166a000 JavaThread "ForkJoinPool-13-worker-6" daemon [_thread_blocked, id=14500, stack(0x0000000029f20000,0x000000002a020000)]
  0x000000002166b800 JavaThread "ForkJoinPool-13-worker-4" daemon [_thread_blocked, id=5844, stack(0x0000000029d20000,0x0000000029e20000)]
  0x000000002166c800 JavaThread "ForkJoinPool-13-worker-2" daemon [_thread_blocked, id=948, stack(0x0000000029b20000,0x0000000029c20000)]
  0x000000002166b000 JavaThread "ForkJoinPool-13-worker-1" daemon [_thread_blocked, id=7652, stack(0x0000000029a20000,0x0000000029b20000)]
  0x000000001d991000 JavaThread "ForkJoinPool.commonPool-worker-5" daemon [_thread_blocked, id=17804, stack(0x0000000029920000,0x0000000029a20000)]
  0x000000001d992800 JavaThread "ForkJoinPool.commonPool-worker-4" daemon [_thread_blocked, id=20064, stack(0x0000000029820000,0x0000000029920000)]
  0x000000001d993800 JavaThread "ForkJoinPool.commonPool-worker-3" daemon [_thread_blocked, id=5804, stack(0x0000000029720000,0x0000000029820000)]
  0x000000001d1aa800 JavaThread "Cache worker for file content cache (C:\Users\msedek\.gradle\caches\4.9-rc-1\fileContent)" [_thread_blocked, id=17524, stack(0x0000000028920000,0x0000000028a20000)]
  0x000000001c118000 JavaThread "Daemon worker Thread 2" [_thread_blocked, id=15904, stack(0x0000000027a20000,0x0000000027b20000)]
  0x000000001c117800 JavaThread "Daemon Thread 2" [_thread_blocked, id=8480, stack(0x0000000027720000,0x0000000027820000)]
  0x000000001c119800 JavaThread "Memory manager" [_thread_blocked, id=10876, stack(0x0000000023cd0000,0x0000000023dd0000)]
  0x000000001c119000 JavaThread "pool-1-thread-1" [_thread_blocked, id=7684, stack(0x0000000022f70000,0x0000000023070000)]
  0x000000001a5ff000 JavaThread "File lock request listener" [_thread_in_native, id=19136, stack(0x000000001cad0000,0x000000001cbd0000)]
  0x000000001a124000 JavaThread "Cache worker for file hash cache (C:\Users\msedek\.gradle\caches\4.9-rc-1\fileHashes)" [_thread_blocked, id=1732, stack(0x000000001c7d0000,0x000000001c8d0000)]
  0x000000001a202800 JavaThread "Daemon periodic checks" [_thread_blocked, id=16452, stack(0x000000001ae00000,0x000000001af00000)]
  0x000000001a229800 JavaThread "Incoming local TCP Connector on port 57608" [_thread_in_native, id=17456, stack(0x000000001abc0000,0x000000001acc0000)]
  0x000000001817f800 JavaThread "Service Thread" daemon [_thread_blocked, id=15664, stack(0x0000000018cb0000,0x0000000018db0000)]
  0x00000000180f8000 JavaThread "C1 CompilerThread3" daemon [_thread_blocked, id=1800, stack(0x0000000018bb0000,0x0000000018cb0000)]
  0x00000000180f0000 JavaThread "C2 CompilerThread2" daemon [_thread_blocked, id=3060, stack(0x0000000018ab0000,0x0000000018bb0000)]
  0x00000000180ed000 JavaThread "C2 CompilerThread1" daemon [_thread_blocked, id=11732, stack(0x00000000189b0000,0x0000000018ab0000)]
=>0x00000000180ea000 JavaThread "C2 CompilerThread0" daemon [_thread_in_native, id=3200, stack(0x00000000188b0000,0x00000000189b0000)]
  0x00000000180f5800 JavaThread "Attach Listener" daemon [_thread_blocked, id=19852, stack(0x00000000187b0000,0x00000000188b0000)]
  0x00000000180f4800 JavaThread "Signal Dispatcher" daemon [_thread_blocked, id=12296, stack(0x00000000186b0000,0x00000000187b0000)]
  0x0000000002439000 JavaThread "Finalizer" daemon [_thread_blocked, id=12624, stack(0x00000000184c0000,0x00000000185c0000)]
  0x0000000002435000 JavaThread "Reference Handler" daemon [_thread_blocked, id=4568, stack(0x0000000017fc0000,0x00000000180c0000)]
  0x000000000233e000 JavaThread "main" [_thread_blocked, id=6124, stack(0x00000000021d0000,0x00000000022d0000)]

Other Threads:
  0x00000000161f5800 VMThread [stack: 0x0000000017ec0000,0x0000000017fc0000] [id=13456]
  0x0000000018180800 WatcherThread [stack: 0x0000000018db0000,0x0000000018eb0000] [id=7772]

VM state:not at safepoint (normal execution)

VM Mutex/Monitor currently owned by a thread: None

Heap:
 PSYoungGen      total 337920K, used 215054K [0x00000000e0000000, 0x00000000f8100000, 0x0000000100000000)
  eden space 284160K, 69% used [0x00000000e0000000,0x00000000ec064290,0x00000000f1580000)
  from space 53760K, 33% used [0x00000000f4900000,0x00000000f5a9f840,0x00000000f7d80000)
  to   space 52736K, 0% used [0x00000000f1580000,0x00000000f1580000,0x00000000f4900000)
 ParOldGen       total 266752K, used 120117K [0x00000000a0000000, 0x00000000b0480000, 0x00000000e0000000)
  object space 266752K, 45% used [0x00000000a0000000,0x00000000a754d678,0x00000000b0480000)
 Metaspace       used 87217K, capacity 91138K, committed 91304K, reserved 1128448K
  class space    used 11246K, capacity 12112K, committed 12208K, reserved 1048576K

Card table byte_map: [0x0000000011800000,0x0000000011b10000] byte_map_base: 0x0000000011300000

Marking Bits: (ParMarkBitMap*) 0x000000005b504970
 Begin Bits: [0x0000000012510000, 0x0000000013d10000)
 End Bits:   [0x0000000013d10000, 0x0000000015510000)

Polling page: 0x0000000000550000

CodeCache: size=245760Kb used=47233Kb max_used=47256Kb free=198526Kb
 bounds [0x0000000002440000, 0x00000000052b0000, 0x0000000011440000]
 total_blobs=15198 nmethods=14343 adapters=767
 compilation: enabled

Compilation events (10 events):
Event: 2259.900 Thread 0x00000000180f0000 nmethod 17466 0x000000000524bf10 code [0x000000000524c060, 0x000000000524c108]
Event: 2259.905 Thread 0x00000000180f8000 17498       3       java.util.concurrent.locks.LockSupport::parkNanos (29 bytes)
Event: 2259.906 Thread 0x00000000180f8000 nmethod 17498 0x0000000005277450 code [0x00000000052775c0, 0x0000000005277948]
Event: 2259.916 Thread 0x00000000180f8000 17499       3       java.nio.charset.CharsetDecoder::onUnmappableCharacter (26 bytes)
Event: 2259.916 Thread 0x00000000180f8000 nmethod 17499 0x0000000005280910 code [0x0000000005280a80, 0x0000000005280dc8]
Event: 2259.916 Thread 0x00000000180f8000 17500       3       java.nio.charset.CharsetDecoder::implOnUnmappableCharacter (1 bytes)
Event: 2259.916 Thread 0x00000000180f8000 nmethod 17500 0x000000000526fcd0 code [0x000000000526fe20, 0x000000000526ff70]
Event: 2259.923 Thread 0x00000000180f8000 17501       3       java.nio.charset.Charset::isSupported (13 bytes)
Event: 2259.923 Thread 0x00000000180f8000 nmethod 17501 0x000000000526f910 code [0x000000000526fa80, 0x000000000526fc48]
Event: 2259.943 Thread 0x00000000180ed000 nmethod 17482 0x000000000529dc50 code [0x000000000529e120, 0x00000000052a0e80]

GC Heap History (10 events):
Event: 2248.221 GC heap before
{Heap before GC invocations=19 (full 3):
 PSYoungGen      total 197120K, used 197115K [0x00000000e0000000, 0x00000000f2580000, 0x0000000100000000)
  eden space 159744K, 100% used [0x00000000e0000000,0x00000000e9c00000,0x00000000e9c00000)
  from space 37376K, 99% used [0x00000000e9c00000,0x00000000ec07ee98,0x00000000ec080000)
  to   space 54272K, 0% used [0x00000000ef080000,0x00000000ef080000,0x00000000f2580000)
 ParOldGen       total 266752K, used 100305K [0x00000000a0000000, 0x00000000b0480000, 0x00000000e0000000)
  object space 266752K, 37% used [0x00000000a0000000,0x00000000a61f4720,0x00000000b0480000)
 Metaspace       used 83833K, capacity 87474K, committed 87720K, reserved 1126400K
  class space    used 10864K, capacity 11670K, committed 11696K, reserved 1048576K
Event: 2248.263 GC heap after
Heap after GC invocations=19 (full 3):
 PSYoungGen      total 240128K, used 47704K [0x00000000e0000000, 0x00000000f3800000, 0x0000000100000000)
  eden space 185856K, 0% used [0x00000000e0000000,0x00000000e0000000,0x00000000eb580000)
  from space 54272K, 87% used [0x00000000ef080000,0x00000000f1f16088,0x00000000f2580000)
  to   space 60416K, 0% used [0x00000000eb580000,0x00000000eb580000,0x00000000ef080000)
 ParOldGen       total 266752K, used 111737K [0x00000000a0000000, 0x00000000b0480000, 0x00000000e0000000)
  object space 266752K, 41% used [0x00000000a0000000,0x00000000a6d1e768,0x00000000b0480000)
 Metaspace       used 83833K, capacity 87474K, committed 87720K, reserved 1126400K
  class space    used 10864K, capacity 11670K, committed 11696K, reserved 1048576K
}
Event: 2249.407 GC heap before
{Heap before GC invocations=20 (full 3):
 PSYoungGen      total 240128K, used 233560K [0x00000000e0000000, 0x00000000f3800000, 0x0000000100000000)
  eden space 185856K, 100% used [0x00000000e0000000,0x00000000eb580000,0x00000000eb580000)
  from space 54272K, 87% used [0x00000000ef080000,0x00000000f1f16088,0x00000000f2580000)
  to   space 60416K, 0% used [0x00000000eb580000,0x00000000eb580000,0x00000000ef080000)
 ParOldGen       total 266752K, used 111737K [0x00000000a0000000, 0x00000000b0480000, 0x00000000e0000000)
  object space 266752K, 41% used [0x00000000a0000000,0x00000000a6d1e768,0x00000000b0480000)
 Metaspace       used 84484K, capacity 88212K, committed 88360K, reserved 1126400K
  class space    used 10944K, capacity 11757K, committed 11824K, reserved 1048576K
Event: 2249.422 GC heap after
Heap after GC invocations=20 (full 3):
 PSYoungGen      total 246272K, used 25473K [0x00000000e0000000, 0x00000000f4000000, 0x0000000100000000)
  eden space 185856K, 0% used [0x00000000e0000000,0x00000000e0000000,0x00000000eb580000)
  from space 60416K, 42% used [0x00000000eb580000,0x00000000ece60478,0x00000000ef080000)
  to   space 56832K, 0% used [0x00000000f0880000,0x00000000f0880000,0x00000000f4000000)
 ParOldGen       total 266752K, used 111745K [0x00000000a0000000, 0x00000000b0480000, 0x00000000e0000000)
  object space 266752K, 41% used [0x00000000a0000000,0x00000000a6d20768,0x00000000b0480000)
 Metaspace       used 84484K, capacity 88212K, committed 88360K, reserved 1126400K
  class space    used 10944K, capacity 11757K, committed 11824K, reserved 1048576K
}
Event: 2249.793 GC heap before
{Heap before GC invocations=21 (full 3):
 PSYoungGen      total 246272K, used 211055K [0x00000000e0000000, 0x00000000f4000000, 0x0000000100000000)
  eden space 185856K, 99% used [0x00000000e0000000,0x00000000eb53bb40,0x00000000eb580000)
  from space 60416K, 42% used [0x00000000eb580000,0x00000000ece60478,0x00000000ef080000)
  to   space 56832K, 0% used [0x00000000f0880000,0x00000000f0880000,0x00000000f4000000)
 ParOldGen       total 266752K, used 111745K [0x00000000a0000000, 0x00000000b0480000, 0x00000000e0000000)
  object space 266752K, 41% used [0x00000000a0000000,0x00000000a6d20768,0x00000000b0480000)
 Metaspace       used 85366K, capacity 89252K, committed 89512K, reserved 1126400K
  class space    used 11066K, capacity 11931K, committed 11952K, reserved 1048576K
Event: 2249.812 GC heap after
Heap after GC invocations=21 (full 3):
 PSYoungGen      total 270848K, used 34047K [0x00000000e0000000, 0x00000000f4500000, 0x0000000100000000)
  eden space 214016K, 0% used [0x00000000e0000000,0x00000000e0000000,0x00000000ed100000)
  from space 56832K, 59% used [0x00000000f0880000,0x00000000f29bfd28,0x00000000f4000000)
  to   space 56832K, 0% used [0x00000000ed100000,0x00000000ed100000,0x00000000f0880000)
 ParOldGen       total 266752K, used 111753K [0x00000000a0000000, 0x00000000b0480000, 0x00000000e0000000)
  object space 266752K, 41% used [0x00000000a0000000,0x00000000a6d22768,0x00000000b0480000)
 Metaspace       used 85366K, capacity 89252K, committed 89512K, reserved 1126400K
  class space    used 11066K, capacity 11931K, committed 11952K, reserved 1048576K
}
Event: 2249.829 GC heap before
{Heap before GC invocations=22 (full 3):
 PSYoungGen      total 270848K, used 247541K [0x00000000e0000000, 0x00000000f4500000, 0x0000000100000000)
  eden space 214016K, 99% used [0x00000000e0000000,0x00000000ed07d998,0x00000000ed100000)
  from space 56832K, 59% used [0x00000000f0880000,0x00000000f29bfd28,0x00000000f4000000)
  to   space 56832K, 0% used [0x00000000ed100000,0x00000000ed100000,0x00000000f0880000)
 ParOldGen       total 266752K, used 111753K [0x00000000a0000000, 0x00000000b0480000, 0x00000000e0000000)
  object space 266752K, 41% used [0x00000000a0000000,0x00000000a6d22768,0x00000000b0480000)
 Metaspace       used 85373K, capacity 89252K, committed 89512K, reserved 1126400K
  class space    used 11066K, capacity 11931K, committed 11952K, reserved 1048576K
Event: 2249.844 GC heap after
Heap after GC invocations=22 (full 3):
 PSYoungGen      total 270848K, used 26519K [0x00000000e0000000, 0x00000000f7d80000, 0x0000000100000000)
  eden space 214016K, 0% used [0x00000000e0000000,0x00000000e0000000,0x00000000ed100000)
  from space 56832K, 46% used [0x00000000ed100000,0x00000000eeae5dc8,0x00000000f0880000)
  to   space 53760K, 0% used [0x00000000f4900000,0x00000000f4900000,0x00000000f7d80000)
 ParOldGen       total 266752K, used 111761K [0x00000000a0000000, 0x00000000b0480000, 0x00000000e0000000)
  object space 266752K, 41% used [0x00000000a0000000,0x00000000a6d24768,0x00000000b0480000)
 Metaspace       used 85373K, capacity 89252K, committed 89512K, reserved 1126400K
  class space    used 11066K, capacity 11931K, committed 11952K, reserved 1048576K
}
Event: 2249.863 GC heap before
{Heap before GC invocations=23 (full 3):
 PSYoungGen      total 270848K, used 239876K [0x00000000e0000000, 0x00000000f7d80000, 0x0000000100000000)
  eden space 214016K, 99% used [0x00000000e0000000,0x00000000ed05b2b0,0x00000000ed100000)
  from space 56832K, 46% used [0x00000000ed100000,0x00000000eeae5dc8,0x00000000f0880000)
  to   space 53760K, 0% used [0x00000000f4900000,0x00000000f4900000,0x00000000f7d80000)
 ParOldGen       total 266752K, used 111761K [0x00000000a0000000, 0x00000000b0480000, 0x00000000e0000000)
  object space 266752K, 41% used [0x00000000a0000000,0x00000000a6d24768,0x00000000b0480000)
 Metaspace       used 85377K, capacity 89252K, committed 89512K, reserved 1126400K
  class space    used 11066K, capacity 11931K, committed 11952K, reserved 1048576K
Event: 2249.882 GC heap after
Heap after GC invocations=23 (full 3):
 PSYoungGen      total 337920K, used 18046K [0x00000000e0000000, 0x00000000f8100000, 0x0000000100000000)
  eden space 284160K, 0% used [0x00000000e0000000,0x00000000e0000000,0x00000000f1580000)
  from space 53760K, 33% used [0x00000000f4900000,0x00000000f5a9f840,0x00000000f7d80000)
  to   space 52736K, 0% used [0x00000000f1580000,0x00000000f1580000,0x00000000f4900000)
 ParOldGen       total 266752K, used 120117K [0x00000000a0000000, 0x00000000b0480000, 0x00000000e0000000)
  object space 266752K, 45% used [0x00000000a0000000,0x00000000a754d678,0x00000000b0480000)
 Metaspace       used 85377K, capacity 89252K, committed 89512K, reserved 1126400K
  class space    used 11066K, capacity 11931K, committed 11952K, reserved 1048576K
}

Deoptimization events (10 events):
Event: 2259.845 Thread 0x000000001c11f800 Uncommon trap: reason=class_check action=maybe_recompile pc=0x00000000051a11e4 method=com.google.common.collect.AbstractMapBasedMultimap$WrappedCollection.refreshIfEmpty()V @ 59
Event: 2259.851 Thread 0x000000001c11f800 Uncommon trap: reason=class_check action=maybe_recompile pc=0x000000000519e5f0 method=com.sun.org.apache.xerces.internal.dom.ElementImpl.getAttributes()Lorg/w3c/dom/NamedNodeMap; @ 8
Event: 2259.852 Thread 0x000000001c11f800 Uncommon trap: reason=unstable_if action=reinterpret pc=0x0000000005272424 method=com.sun.org.apache.xerces.internal.dom.ParentNode.checkNormalizationAfterInsert(Lcom/sun/org/apache/xerces/internal/dom/ChildNode;)V @ 27
Event: 2259.855 Thread 0x000000001c11f800 Uncommon trap: reason=class_check action=maybe_recompile pc=0x000000000519e5f0 method=com.sun.org.apache.xerces.internal.dom.ElementImpl.getAttributes()Lorg/w3c/dom/NamedNodeMap; @ 8
Event: 2259.855 Thread 0x000000001c11f800 Uncommon trap: reason=class_check action=maybe_recompile pc=0x000000000519e5f0 method=com.sun.org.apache.xerces.internal.dom.ElementImpl.getAttributes()Lorg/w3c/dom/NamedNodeMap; @ 8
Event: 2259.855 Thread 0x000000001c11f800 Uncommon trap: reason=class_check action=maybe_recompile pc=0x000000000519e5f0 method=com.sun.org.apache.xerces.internal.dom.ElementImpl.getAttributes()Lorg/w3c/dom/NamedNodeMap; @ 8
Event: 2259.863 Thread 0x000000001c11f800 Uncommon trap: reason=unstable_if action=reinterpret pc=0x0000000005215b20 method=com.android.utils.XmlUtils.toXmlAttributeValue(Ljava/lang/String;)Ljava/lang/String; @ 33
Event: 2259.863 Thread 0x000000001c11f800 Uncommon trap: reason=unstable_if action=reinterpret pc=0x000000000518fab8 method=com.android.utils.XmlUtils.toXmlAttributeValue(Ljava/lang/String;)Ljava/lang/String; @ 33
Event: 2259.874 Thread 0x000000001c11f800 Uncommon trap: reason=unstable_if action=reinterpret pc=0x0000000005210b30 method=com.android.utils.XmlUtils.append(Lcom/android/utils/XmlUtils$PositionAwareStringBuilder;Lorg/w3c/dom/Node;Ljava/util/Map;)V @ 450
Event: 2259.876 Thread 0x000000001c11f800 Uncommon trap: reason=unstable_if action=reinterpret pc=0x000000000519cc94 method=sun.nio.cs.UTF_8$Encoder.encodeArrayLoop(Ljava/nio/CharBuffer;Ljava/nio/ByteBuffer;)Ljava/nio/charset/CoderResult; @ 400

Classes redefined (0 events):
No events

Internal exceptions (10 events):
Event: 2257.755 Thread 0x000000001c11f800 Exception <a 'sun/nio/fs/WindowsException'> (0x00000000e5c7b070) thrown at [D:\src\AOSP-openjdk-cygwin\jdk8u\hotspot\src\share\vm\prims\jni.cpp, line 709]
Event: 2257.797 Thread 0x000000001c11f800 Exception <a 'java/lang/NoSuchMethodError': <clinit>> (0x00000000e5d1ed58) thrown at [D:\src\AOSP-openjdk-cygwin\jdk8u\hotspot\src\share\vm\prims\jni.cpp, line 1613]
Event: 2257.797 Thread 0x000000001c11f800 Exception <a 'java/lang/NoSuchMethodError': <clinit>> (0x00000000e5d25438) thrown at [D:\src\AOSP-openjdk-cygwin\jdk8u\hotspot\src\share\vm\prims\jni.cpp, line 1613]
Event: 2257.798 Thread 0x000000001c11f800 Exception <a 'java/lang/NoSuchMethodError': <clinit>> (0x00000000e5d3af90) thrown at [D:\src\AOSP-openjdk-cygwin\jdk8u\hotspot\src\share\vm\prims\jni.cpp, line 1613]
Event: 2257.799 Thread 0x000000001c11f800 Exception <a 'java/lang/NoSuchMethodError': <clinit>> (0x00000000e5d455e0) thrown at [D:\src\AOSP-openjdk-cygwin\jdk8u\hotspot\src\share\vm\prims\jni.cpp, line 1613]
Event: 2257.802 Thread 0x000000001c11f800 Exception <a 'sun/nio/fs/WindowsException'> (0x00000000e5d53cf0) thrown at [D:\src\AOSP-openjdk-cygwin\jdk8u\hotspot\src\share\vm\prims\jni.cpp, line 709]
Event: 2258.430 Thread 0x000000001c11f800 Implicit null exception at 0x00000000050f82b4 to 0x00000000050f8888
Event: 2258.605 Thread 0x000000001c11f800 Implicit null exception at 0x00000000051a2d77 to 0x00000000051a4e71
Event: 2259.874 Thread 0x000000001c11f800 Implicit null exception at 0x00000000052131be to 0x0000000005210afd
Event: 2259.960 Thread 0x000000001c123800 Exception <a 'java/io/IOException'> (0x00000000eb5ebd08) thrown at [D:\src\AOSP-openjdk-cygwin\jdk8u\hotspot\src\share\vm\prims\jni.cpp, line 709]

Events (10 events):
Event: 2259.919 Thread 0x000000001d1a6000 Thread added: 0x000000001d1a6000
Event: 2259.919 Thread 0x000000001d1a7000 Thread added: 0x000000001d1a7000
Event: 2259.959 Executing VM operation: RevokeBias
Event: 2259.959 Executing VM operation: RevokeBias done
Event: 2259.959 Executing VM operation: RevokeBias
Event: 2259.959 Executing VM operation: RevokeBias done
Event: 2259.959 Thread 0x000000001d1a5800 Thread exited: 0x000000001d1a5800
Event: 2259.959 Thread 0x000000001d1ab800 Thread exited: 0x000000001d1ab800
Event: 2259.962 Thread 0x000000001d1a8800 Thread added: 0x000000001d1a8800
Event: 2259.962 Thread 0x000000001d1a9000 Thread added: 0x000000001d1a9000


Dynamic libraries:
0x00007ff771910000 - 0x00007ff771941000 	C:\Program Files\Android\Android Studio\jre\bin\java.exe
0x00007ff9bc830000 - 0x00007ff9bca11000 	C:\Windows\SYSTEM32\ntdll.dll
0x00007ff9bb440000 - 0x00007ff9bb4f2000 	C:\Windows\System32\KERNEL32.DLL
0x00007ff9b9210000 - 0x00007ff9b9483000 	C:\Windows\System32\KERNELBASE.dll
0x00007ff9b9cc0000 - 0x00007ff9b9d61000 	C:\Windows\System32\ADVAPI32.dll
0x00007ff9bb7b0000 - 0x00007ff9bb84e000 	C:\Windows\System32\msvcrt.dll
0x00007ff9bb5d0000 - 0x00007ff9bb62b000 	C:\Windows\System32\sechost.dll
0x00007ff9bb850000 - 0x00007ff9bb974000 	C:\Windows\System32\RPCRT4.dll
0x00007ff9bc410000 - 0x00007ff9bc5a0000 	C:\Windows\System32\USER32.dll
0x00007ff9b9ca0000 - 0x00007ff9b9cc0000 	C:\Windows\System32\win32u.dll
0x00007ff9bb500000 - 0x00007ff9bb528000 	C:\Windows\System32\GDI32.dll
0x00007ff9b8cb0000 - 0x00007ff9b8e42000 	C:\Windows\System32\gdi32full.dll
0x00007ff9b9490000 - 0x00007ff9b952f000 	C:\Windows\System32\msvcp_win.dll
0x00007ff9b8ea0000 - 0x00007ff9b8f9a000 	C:\Windows\System32\ucrtbase.dll
0x00007ff9a36c0000 - 0x00007ff9a3929000 	C:\Windows\WinSxS\amd64_microsoft.windows.common-controls_6595b64144ccf1df_6.0.17134.191_none_fb3e94b130690543\COMCTL32.dll
0x00007ff9bbae0000 - 0x00007ff9bbe03000 	C:\Windows\System32\combase.dll
0x00007ff9b9190000 - 0x00007ff9b920a000 	C:\Windows\System32\bcryptPrimitives.dll
0x00007ff9bb5a0000 - 0x00007ff9bb5cd000 	C:\Windows\System32\IMM32.DLL
0x000000005ac60000 - 0x000000005ad32000 	C:\Program Files\Android\Android Studio\jre\jre\bin\msvcr100.dll
0x000000005ad40000 - 0x000000005b57f000 	C:\Program Files\Android\Android Studio\jre\jre\bin\server\jvm.dll
0x00007ff9bb2e0000 - 0x00007ff9bb2e8000 	C:\Windows\System32\PSAPI.DLL
0x00007ff984400000 - 0x00007ff984409000 	C:\Windows\SYSTEM32\WSOCK32.dll
0x00007ff9b6870000 - 0x00007ff9b6893000 	C:\Windows\SYSTEM32\WINMM.dll
0x00007ff9b2d60000 - 0x00007ff9b2d6a000 	C:\Windows\SYSTEM32\VERSION.dll
0x00007ff9bba70000 - 0x00007ff9bbadc000 	C:\Windows\System32\WS2_32.dll
0x00007ff9b6420000 - 0x00007ff9b644a000 	C:\Windows\SYSTEM32\winmmbase.dll
0x00007ff9b8e50000 - 0x00007ff9b8e99000 	C:\Windows\System32\cfgmgr32.dll
0x00007ff9b69e0000 - 0x00007ff9b69ef000 	C:\Program Files\Android\Android Studio\jre\jre\bin\verify.dll
0x00007ff9ad3d0000 - 0x00007ff9ad3f9000 	C:\Program Files\Android\Android Studio\jre\jre\bin\java.dll
0x00007ff9b4650000 - 0x00007ff9b4666000 	C:\Program Files\Android\Android Studio\jre\jre\bin\zip.dll
0x00007ff9b9d70000 - 0x00007ff9bb1b0000 	C:\Windows\System32\SHELL32.dll
0x00007ff9bb370000 - 0x00007ff9bb419000 	C:\Windows\System32\shcore.dll
0x00007ff9b9530000 - 0x00007ff9b9c3d000 	C:\Windows\System32\windows.storage.dll
0x00007ff9bc700000 - 0x00007ff9bc751000 	C:\Windows\System32\shlwapi.dll
0x00007ff9b8be0000 - 0x00007ff9b8bf1000 	C:\Windows\System32\kernel.appcore.dll
0x00007ff9b8bb0000 - 0x00007ff9b8bcf000 	C:\Windows\System32\profapi.dll
0x00007ff9b8b40000 - 0x00007ff9b8b8c000 	C:\Windows\System32\powrprof.dll
0x00007ff9b8bd0000 - 0x00007ff9b8bda000 	C:\Windows\System32\FLTLIB.DLL
0x00007ff9b31a0000 - 0x00007ff9b31ba000 	C:\Program Files\Android\Android Studio\jre\jre\bin\net.dll
0x00007ff9b8360000 - 0x00007ff9b83c6000 	C:\Windows\system32\mswsock.dll
0x00007ff9b2b60000 - 0x00007ff9b2b71000 	C:\Program Files\Android\Android Studio\jre\jre\bin\nio.dll
0x00007ff9a8380000 - 0x00007ff9a839e000 	C:\Users\msedek\.gradle\native\25\windows-amd64\native-platform.dll
0x00007ff9b5000000 - 0x00007ff9b500d000 	C:\Program Files\Android\Android Studio\jre\jre\bin\management.dll
0x00007ff9b8510000 - 0x00007ff9b8527000 	C:\Windows\SYSTEM32\CRYPTSP.dll
0x00007ff9b7f40000 - 0x00007ff9b7f73000 	C:\Windows\system32\rsaenh.dll
0x00007ff9b8640000 - 0x00007ff9b8665000 	C:\Windows\SYSTEM32\bcrypt.dll
0x00007ff9b8a40000 - 0x00007ff9b8a68000 	C:\Windows\SYSTEM32\USERENV.dll
0x00007ff9b8530000 - 0x00007ff9b853b000 	C:\Windows\SYSTEM32\CRYPTBASE.dll
0x00007ff9b80e0000 - 0x00007ff9b8118000 	C:\Windows\SYSTEM32\IPHLPAPI.DLL
0x00007ff9bb590000 - 0x00007ff9bb598000 	C:\Windows\System32\NSI.dll
0x00007ff9b1cf0000 - 0x00007ff9b1d06000 	C:\Windows\SYSTEM32\dhcpcsvc6.DLL
0x00007ff9b2000000 - 0x00007ff9b201a000 	C:\Windows\SYSTEM32\dhcpcsvc.DLL
0x00007ff9b7cc0000 - 0x00007ff9b7cf1000 	C:\Windows\SYSTEM32\ntmarta.dll

VM Arguments:
jvm_args: -Xmx1536m -Dfile.encoding=windows-1252 -Duser.country=US -Duser.language=en -Duser.variant 
java_command: org.gradle.launcher.daemon.bootstrap.GradleDaemon 4.9-rc-1
java_class_path (initial): C:\Users\msedek\.gradle\wrapper\dists\gradle-4.9-rc-1-all\c2otnx5oviyw5xyfpcl8cg7v7\gradle-4.9-rc-1\lib\gradle-launcher-4.9.jar
Launcher Type: SUN_STANDARD

Environment Variables:
PATH=C:\Windows\system32;C:\Windows;C:\Windows\System32\Wbem;C:\Windows\System32\WindowsPowerShell\v1.0\;C:\Windows\System32\OpenSSH\;C:\Program Files\Microsoft VS Code\bin;C:\Program Files\Git\cmd;;C:\Program Files\Intel\WiFi\bin\;C:\Program Files\Common Files\Intel\WirelessCommon\;C:\Program Files (x86)\Microsoft SQL Server\Client SDK\ODBC\130\Tools\Binn\;C:\Program Files (x86)\Microsoft SQL Server\140\Tools\Binn\;C:\Program Files (x86)\Microsoft SQL Server\140\DTS\Binn\;C:\Program Files (x86)\Microsoft SQL Server\140\Tools\Binn\ManagementStudio\;C:\Program Files\Microsoft SQL Server\Client SDK\ODBC\130\Tools\Binn\;C:\Program Files\Microsoft SQL Server\140\Tools\Binn\;C:\Program Files\Microsoft SQL Server\140\DTS\Binn\;C:\Program Files (x86)\Yarn\bin\;C:\Program Files\Git\bin;C:\Program Files\MongoDB\Server\4.0\bin;C:\Program Files\Intel\WiFi\bin\;C:\Program Files\Common Files\Intel\WirelessCommon\;C:\Users\msedek\AppData\Local\Yarn\bin
USERNAME=msedek
OS=Windows_NT
PROCESSOR_IDENTIFIER=Intel64 Family 6 Model 142 Stepping 10, GenuineIntel



---------------  S Y S T E M  ---------------

OS: Windows 10.0 , 64 bit Build 17134 (10.0.17134.1)

CPU:total 8 (initial active 8) (4 cores per cpu, 2 threads per core) family 6 model 142 stepping 10, cmov, cx8, fxsr, mmx, sse, sse2, sse3, ssse3, sse4.1, sse4.2, popcnt, avx, avx2, aes, clmul, erms, 3dnowpref, lzcnt, ht, tsc, tscinvbit, bmi1, bmi2, adx

Memory: 4k page, physical 16653600k(3390040k free), swap 16653600k(3832k free)

vm_info: OpenJDK 64-Bit Server VM (25.152-b02) for windows-amd64 JRE (1.8.0_152-release-1024-b02), built by "builder" with MS VC++ 10.0 (VS2010)

time: Sun Aug 05 14:51:09 2018
elapsed time: 2259 seconds (0d 0h 37m 39s)

